TN:
SF:src/category/domain/category.entity.ts
FN:21,<instance_members_initializer>
FN:28,Category
FN:36,create
FN:42,update
FN:49,changeName
FN:54,changeDescription
FN:58,activate
FN:62,deactivate
FN:66,validate
FN:69,toJson
FN:83,<instance_members_initializer>
FNF:11
FNH:2
FNDA:1,<instance_members_initializer>
FNDA:1,Category
FNDA:0,create
FNDA:0,update
FNDA:0,changeName
FNDA:0,changeDescription
FNDA:0,activate
FNDA:0,deactivate
FNDA:0,validate
FNDA:0,toJson
FNDA:0,<instance_members_initializer>
DA:1,1
DA:2,1
DA:3,1
DA:4,1
DA:5,1
DA:6,1
DA:7,1
DA:8,1
DA:9,1
DA:10,1
DA:11,1
DA:12,1
DA:13,1
DA:14,1
DA:15,1
DA:16,1
DA:17,1
DA:18,1
DA:19,1
DA:20,1
DA:21,1
DA:22,1
DA:23,1
DA:24,1
DA:25,1
DA:26,1
DA:27,1
DA:28,1
DA:29,1
DA:30,1
DA:31,1
DA:32,1
DA:33,1
DA:34,1
DA:35,1
DA:36,1
DA:37,0
DA:38,0
DA:39,0
DA:40,0
DA:41,1
DA:42,1
DA:43,0
DA:44,0
DA:45,0
DA:46,0
DA:47,0
DA:48,1
DA:49,1
DA:50,0
DA:51,0
DA:52,0
DA:53,1
DA:54,1
DA:55,0
DA:56,0
DA:57,1
DA:58,1
DA:59,0
DA:60,0
DA:61,1
DA:62,1
DA:63,0
DA:64,0
DA:65,1
DA:66,1
DA:67,0
DA:68,1
DA:69,1
DA:70,0
DA:71,0
DA:72,0
DA:73,0
DA:74,0
DA:75,0
DA:76,0
DA:77,0
DA:78,1
DA:79,1
DA:80,1
DA:81,1
DA:82,1
DA:83,0
DA:84,0
DA:85,0
DA:86,0
DA:87,0
DA:88,0
DA:89,0
LF:89
LH:55
BRDA:21,0,0,1
BRDA:28,1,0,1
BRDA:31,2,0,0
BRDA:32,3,0,0
BRDA:33,4,0,0
BRDA:83,5,0,0
BRF:6
BRH:2
end_of_record
TN:
SF:src/shared/domain/value-object.ts
FN:4,equals
FNF:1
FNH:1
FNDA:2,equals
DA:1,1
DA:2,1
DA:3,1
DA:4,1
DA:5,2
DA:6,0
DA:7,0
DA:8,2
DA:9,0
DA:10,0
DA:11,2
DA:12,2
DA:13,2
DA:14,1
DA:15,1
LF:15
LH:11
BRDA:4,0,0,2
BRDA:5,1,0,0
BRDA:8,2,0,0
BRF:3
BRH:1
end_of_record
TN:
SF:src/shared/domain/validators/validators-rules.ts
FN:1,<instance_members_initializer>
FNF:1
FNH:0
FNDA:0,<instance_members_initializer>
DA:1,1
DA:2,0
DA:3,0
DA:4,0
DA:5,0
DA:6,0
DA:7,0
DA:8,0
DA:9,0
DA:10,0
DA:11,0
DA:12,0
DA:13,0
DA:14,0
LF:14
LH:1
BRDA:1,0,0,0
BRF:1
BRH:0
end_of_record
TN:
SF:src/shared/domain/value-objects/uuid.vo.ts
FN:4,<instance_members_initializer>
FN:7,Uuid
FN:14,validate
FN:23,InvalidUuidError
FNF:4
FNH:4
FNDA:4,<instance_members_initializer>
FNDA:4,Uuid
FNDA:4,validate
FNDA:2,InvalidUuidError
DA:1,1
DA:2,1
DA:3,1
DA:4,1
DA:5,4
DA:6,4
DA:7,4
DA:8,4
DA:9,4
DA:10,4
DA:11,4
DA:12,4
DA:13,4
DA:14,4
DA:15,4
DA:16,4
DA:17,1
DA:18,1
DA:19,4
DA:20,4
DA:21,1
DA:22,1
DA:23,1
DA:24,2
DA:25,2
DA:26,2
DA:27,1
LF:27
LH:27
BRDA:4,0,0,4
BRDA:7,1,0,4
BRDA:9,2,0,2
BRDA:14,3,0,4
BRDA:16,4,0,1
BRDA:23,5,0,2
BRF:6
BRH:6
end_of_record
